ago. 14, 2025 2:19:33 PM liquibase.changelog
INFORMAÇÕES: Reading resource: db/changelog/migrations/db.changelog-202508131446.sql
ago. 14, 2025 2:19:33 PM liquibase.changelog
INFORMAÇÕES: Reading from board.DATABASECHANGELOG
ago. 14, 2025 2:19:33 PM liquibase.changelog
INFORMAÇÕES: Reading resource: db/changelog/migrations/db.changelog-202508131517.sql
ago. 14, 2025 2:19:33 PM liquibase.changelog
INFORMAÇÕES: Reading resource: db/changelog/migrations/db.changelog-202508131525.sql
ago. 14, 2025 2:19:34 PM liquibase.changelog
INFORMAÇÕES: Reading resource: db/changelog/migrations/db.changelog-202508131528.sql
Database is up to date, no changesets to execute
ago. 14, 2025 2:19:34 PM liquibase.changelog
INFORMAÇÕES: Reading from board.DATABASECHANGELOG

UPDATE SUMMARY
Run:                          0
Previously run:               4
Filtered out:                 0
-------------------------------
Total change sets:            4

ago. 14, 2025 2:19:34 PM liquibase.util
INFORMAÇÕES: UPDATE SUMMARY
ago. 14, 2025 2:19:34 PM liquibase.util
INFORMAÇÕES: Run:                          0
ago. 14, 2025 2:19:34 PM liquibase.util
INFORMAÇÕES: Previously run:               4
ago. 14, 2025 2:19:34 PM liquibase.util
INFORMAÇÕES: Filtered out:                 0
ago. 14, 2025 2:19:34 PM liquibase.util
INFORMAÇÕES: -------------------------------
ago. 14, 2025 2:19:34 PM liquibase.util
INFORMAÇÕES: Total change sets:            4
ago. 14, 2025 2:19:34 PM liquibase.util
INFORMAÇÕES: Update summary generated
ago. 14, 2025 2:19:34 PM liquibase.command
INFORMAÇÕES: Command execution complete
